F:\PROGRAMING\QT\PLAYO2\WIN32\DEBUG\MAINWINDOW.OBJ
F:\PROGRAMING\QT\PLAYO2\WIN32\DEBUG\MAIN.OBJ
F:\PROGRAMING\QT\PLAYO2\WIN32\DEBUG\MOC_MAINWINDOW.OBJ
F:\PROGRAMING\QT\PLAYO2\WIN32\DEBUG\VC110.PDB
F:\PROGRAMING\QT\PLAYO2\GENERATEDFILES\UI_MAINWINDOW.H
F:\PROGRAMING\QT\PLAYO2\GENERATEDFILES\DEBUG\MOC_MAINWINDOW.CPP
F:\PROGRAMING\QT\PLAYO2\DEBUG\PLAYO2.ILK
F:\PROGRAMING\QT\PLAYO2\DEBUG\PLAYO2.EXE
F:\PROGRAMING\QT\PLAYO2\DEBUG\PLAYO2.PDB
C:\Users\JB\Desktop\playo2\Win32\Debug\main.obj
C:\Users\JB\Desktop\playo2\Win32\Debug\mainwindow.obj
C:\Users\JB\Desktop\playo2\Win32\Debug\moc_mainwindow.obj
C:\Users\JB\Desktop\playo2\Win32\Debug\cl.command.1.tlog
C:\Users\JB\Desktop\playo2\Win32\Debug\CL.read.1.tlog
C:\Users\JB\Desktop\playo2\Win32\Debug\CL.write.1.tlog
C:\Users\JB\Desktop\playo2\Win32\Debug\custombuild.command.1.tlog
C:\Users\JB\Desktop\playo2\Win32\Debug\custombuild.read.1.tlog
C:\Users\JB\Desktop\playo2\Win32\Debug\custombuild.write.1.tlog
C:\Users\JB\Desktop\playo2\Win32\Debug\link-cvtres.read.1.tlog
C:\Users\JB\Desktop\playo2\Win32\Debug\link-cvtres.write.1.tlog
C:\Users\JB\Desktop\playo2\Win32\Debug\link-rc.read.1.tlog
C:\Users\JB\Desktop\playo2\Win32\Debug\link-rc.write.1.tlog
C:\Users\JB\Desktop\playo2\Win32\Debug\link.8996-cvtres.read.1.tlog
C:\Users\JB\Desktop\playo2\Win32\Debug\link.8996-cvtres.write.1.tlog
C:\Users\JB\Desktop\playo2\Win32\Debug\link.8996-rc.read.1.tlog
C:\Users\JB\Desktop\playo2\Win32\Debug\link.8996-rc.write.1.tlog
C:\Users\JB\Desktop\playo2\Win32\Debug\link.8996.read.1.tlog
C:\Users\JB\Desktop\playo2\Win32\Debug\link.8996.write.1.tlog
C:\Users\JB\Desktop\playo2\Win32\Debug\link.command.1.tlog
C:\Users\JB\Desktop\playo2\Win32\Debug\link.read.1.tlog
C:\Users\JB\Desktop\playo2\Win32\Debug\link.write.1.tlog
C:\Users\JB\Desktop\playo2\Win32\Debug\vc110.pdb
C:\Users\JB\Desktop\playo2\debug\playo2.exe
